[00:48:41] [ServerMain/INFO]: Environment: Environment[sessionHost=https://sessionserver.mojang.com, servicesHost=https://api.minecraftservices.com, name=PROD]
[00:48:43] [ServerMain/INFO]: Loaded 1407 recipes
[00:48:43] [ServerMain/INFO]: Loaded 1520 advancements
[00:48:43] [Server thread/INFO]: Starting minecraft server version 1.21.8
[00:48:43] [Server thread/INFO]: Loading properties
[00:48:43] [Server thread/INFO]: Default game type: SURVIVAL
[00:48:43] [Server thread/INFO]: Generating keypair
[00:48:43] [Server thread/INFO]: Starting Minecraft server on *:25565
[00:48:43] [Server thread/INFO]: Using epoll channel type
[00:48:43] [Server thread/WARN]: **** SERVER IS RUNNING IN OFFLINE/INSECURE MODE!
[00:48:43] [Server thread/WARN]: The server will make no attempt to authenticate usernames. Beware.
[00:48:43] [Server thread/WARN]: While this makes the game possible to play without internet access, it also opens up the ability for hackers to connect with any username they choose.
[00:48:43] [Server thread/WARN]: To change this, set "online-mode" to "true" in the server.properties file.
[00:48:43] [Server thread/INFO]: Preparing level "world"
[00:48:44] [Server thread/INFO]: Preparing start region for dimension minecraft:overworld
[00:48:47] [Worker-Main-3/INFO]: Preparing spawn area: 0%
[00:48:47] [Worker-Main-3/INFO]: Preparing spawn area: 0%
[00:48:47] [Worker-Main-3/INFO]: Preparing spawn area: 0%
[00:48:47] [Worker-Main-3/INFO]: Preparing spawn area: 0%
[00:48:47] [Worker-Main-3/INFO]: Preparing spawn area: 0%
[00:48:47] [Worker-Main-3/INFO]: Preparing spawn area: 0%
[00:48:47] [Worker-Main-3/INFO]: Preparing spawn area: 0%
[00:48:47] [Worker-Main-3/INFO]: Preparing spawn area: 69%
[00:48:47] [Server thread/INFO]: Time elapsed: 3570 ms
[00:48:47] [Server thread/INFO]: Done (3.867s)! For help, type "help"
[00:49:47] [Server thread/INFO]: Server empty for 60 seconds, pausing
[00:49:50] [Server thread/INFO]: Stopping the server
[00:49:50] [Server thread/INFO]: Stopping server
[00:49:50] [Server thread/INFO]: Saving players
[00:49:50] [Server thread/INFO]: Saving worlds
[00:49:50] [Server thread/INFO]: Saving chunks for level 'ServerLevel[world]'/minecraft:overworld
[00:49:50] [Server thread/INFO]: Saving chunks for level 'ServerLevel[world]'/minecraft:the_nether
[00:49:50] [Server thread/INFO]: Saving chunks for level 'ServerLevel[world]'/minecraft:the_end
[00:49:50] [Server thread/INFO]: ThreadedAnvilChunkStorage (world): All chunks are saved
[00:49:50] [Server thread/INFO]: ThreadedAnvilChunkStorage (DIM-1): All chunks are saved
[00:49:50] [Server thread/INFO]: ThreadedAnvilChunkStorage (DIM1): All chunks are saved
[00:49:50] [Server thread/INFO]: ThreadedAnvilChunkStorage: All dimensions are saved
